<?xml version="1.0" encoding="UTF-8"?>
<testsuite xmlns:xsi="http://www.w3.org/2001/XMLSchema-instance" xsi:noNamespaceSchemaLocation="https://maven.apache.org/surefire/maven-surefire-plugin/xsd/surefire-test-report.xsd" name="com.cn.rating.RatingApplicationTests" time="1.806" tests="1" errors="0" skipped="0" failures="0">
  <properties>
    <property name="gopherProxySet" value="false"/>
    <property name="awt.toolkit" value="sun.lwawt.macosx.LWCToolkit"/>
    <property name="file.encoding.pkg" value="sun.io"/>
    <property name="java.specification.version" value="1.8"/>
    <property name="sun.cpu.isalist" value=""/>
    <property name="sun.jnu.encoding" value="UTF-8"/>
    <property name="java.class.path" value="/Users/sameesingh/Downloads/rating/target/test-classes:/Users/sameesingh/Downloads/rating/target/classes:/Users/sameesingh/.m2/raptor2/org/springframework/boot/spring-boot-starter-web/2.7.6/spring-boot-starter-web-2.7.6.jar:/Users/sameesingh/.m2/raptor2/org/springframework/boot/spring-boot-starter/2.7.6/spring-boot-starter-2.7.6.jar:/Users/sameesingh/.m2/raptor2/org/springframework/boot/spring-boot/2.7.6/spring-boot-2.7.6.jar:/Users/sameesingh/.m2/raptor2/org/springframework/boot/spring-boot-autoconfigure/2.7.6/spring-boot-autoconfigure-2.7.6.jar:/Users/sameesingh/.m2/raptor2/org/springframework/boot/spring-boot-starter-logging/2.7.6/spring-boot-starter-logging-2.7.6.jar:/Users/sameesingh/.m2/raptor2/ch/qos/logback/logback-classic/1.2.11/logback-classic-1.2.11.jar:/Users/sameesingh/.m2/raptor2/ch/qos/logback/logback-core/1.2.11/logback-core-1.2.11.jar:/Users/sameesingh/.m2/raptor2/org/apache/logging/log4j/log4j-to-slf4j/2.17.2/log4j-to-slf4j-2.17.2.jar:/Users/sameesingh/.m2/raptor2/org/apache/logging/log4j/log4j-api/2.17.2/log4j-api-2.17.2.jar:/Users/sameesingh/.m2/raptor2/org/slf4j/jul-to-slf4j/1.7.36/jul-to-slf4j-1.7.36.jar:/Users/sameesingh/.m2/raptor2/jakarta/annotation/jakarta.annotation-api/1.3.5/jakarta.annotation-api-1.3.5.jar:/Users/sameesingh/.m2/raptor2/org/yaml/snakeyaml/1.30/snakeyaml-1.30.jar:/Users/sameesingh/.m2/raptor2/org/springframework/boot/spring-boot-starter-json/2.7.6/spring-boot-starter-json-2.7.6.jar:/Users/sameesingh/.m2/raptor2/com/fasterxml/jackson/core/jackson-databind/2.13.4.2/jackson-databind-2.13.4.2.jar:/Users/sameesingh/.m2/raptor2/com/fasterxml/jackson/core/jackson-annotations/2.13.4/jackson-annotations-2.13.4.jar:/Users/sameesingh/.m2/raptor2/com/fasterxml/jackson/core/jackson-core/2.13.4/jackson-core-2.13.4.jar:/Users/sameesingh/.m2/raptor2/com/fasterxml/jackson/datatype/jackson-datatype-jdk8/2.13.4/jackson-datatype-jdk8-2.13.4.jar:/Users/sameesingh/.m2/raptor2/com/fasterxml/jackson/datatype/jackson-datatype-jsr310/2.13.4/jackson-datatype-jsr310-2.13.4.jar:/Users/sameesingh/.m2/raptor2/com/fasterxml/jackson/module/jackson-module-parameter-names/2.13.4/jackson-module-parameter-names-2.13.4.jar:/Users/sameesingh/.m2/raptor2/org/springframework/boot/spring-boot-starter-tomcat/2.7.6/spring-boot-starter-tomcat-2.7.6.jar:/Users/sameesingh/.m2/raptor2/org/apache/tomcat/embed/tomcat-embed-core/9.0.69/tomcat-embed-core-9.0.69.jar:/Users/sameesingh/.m2/raptor2/org/apache/tomcat/embed/tomcat-embed-el/9.0.69/tomcat-embed-el-9.0.69.jar:/Users/sameesingh/.m2/raptor2/org/apache/tomcat/embed/tomcat-embed-websocket/9.0.69/tomcat-embed-websocket-9.0.69.jar:/Users/sameesingh/.m2/raptor2/org/springframework/spring-web/5.3.24/spring-web-5.3.24.jar:/Users/sameesingh/.m2/raptor2/org/springframework/spring-beans/5.3.24/spring-beans-5.3.24.jar:/Users/sameesingh/.m2/raptor2/org/springframework/spring-webmvc/5.3.24/spring-webmvc-5.3.24.jar:/Users/sameesingh/.m2/raptor2/org/springframework/spring-aop/5.3.24/spring-aop-5.3.24.jar:/Users/sameesingh/.m2/raptor2/org/springframework/spring-context/5.3.24/spring-context-5.3.24.jar:/Users/sameesingh/.m2/raptor2/org/springframework/spring-expression/5.3.24/spring-expression-5.3.24.jar:/Users/sameesingh/.m2/raptor2/org/springframework/boot/spring-boot-starter-test/2.7.6/spring-boot-starter-test-2.7.6.jar:/Users/sameesingh/.m2/raptor2/org/springframework/boot/spring-boot-test/2.7.6/spring-boot-test-2.7.6.jar:/Users/sameesingh/.m2/raptor2/org/springframework/boot/spring-boot-test-autoconfigure/2.7.6/spring-boot-test-autoconfigure-2.7.6.jar:/Users/sameesingh/.m2/raptor2/com/jayway/jsonpath/json-path/2.7.0/json-path-2.7.0.jar:/Users/sameesingh/.m2/raptor2/net/minidev/json-smart/2.4.8/json-smart-2.4.8.jar:/Users/sameesingh/.m2/raptor2/net/minidev/accessors-smart/2.4.8/accessors-smart-2.4.8.jar:/Users/sameesingh/.m2/raptor2/org/ow2/asm/asm/9.1/asm-9.1.jar:/Users/sameesingh/.m2/raptor2/org/slf4j/slf4j-api/1.7.36/slf4j-api-1.7.36.jar:/Users/sameesingh/.m2/raptor2/jakarta/xml/bind/jakarta.xml.bind-api/2.3.3/jakarta.xml.bind-api-2.3.3.jar:/Users/sameesingh/.m2/raptor2/jakarta/activation/jakarta.activation-api/1.2.2/jakarta.activation-api-1.2.2.jar:/Users/sameesingh/.m2/raptor2/org/assertj/assertj-core/3.22.0/assertj-core-3.22.0.jar:/Users/sameesingh/.m2/raptor2/org/hamcrest/hamcrest/2.2/hamcrest-2.2.jar:/Users/sameesingh/.m2/raptor2/org/junit/jupiter/junit-jupiter/5.8.2/junit-jupiter-5.8.2.jar:/Users/sameesingh/.m2/raptor2/org/junit/jupiter/junit-jupiter-api/5.8.2/junit-jupiter-api-5.8.2.jar:/Users/sameesingh/.m2/raptor2/org/opentest4j/opentest4j/1.2.0/opentest4j-1.2.0.jar:/Users/sameesingh/.m2/raptor2/org/junit/platform/junit-platform-commons/1.8.2/junit-platform-commons-1.8.2.jar:/Users/sameesingh/.m2/raptor2/org/apiguardian/apiguardian-api/1.1.2/apiguardian-api-1.1.2.jar:/Users/sameesingh/.m2/raptor2/org/junit/jupiter/junit-jupiter-params/5.8.2/junit-jupiter-params-5.8.2.jar:/Users/sameesingh/.m2/raptor2/org/junit/jupiter/junit-jupiter-engine/5.8.2/junit-jupiter-engine-5.8.2.jar:/Users/sameesingh/.m2/raptor2/org/junit/platform/junit-platform-engine/1.8.2/junit-platform-engine-1.8.2.jar:/Users/sameesingh/.m2/raptor2/org/mockito/mockito-core/4.5.1/mockito-core-4.5.1.jar:/Users/sameesingh/.m2/raptor2/net/bytebuddy/byte-buddy/1.12.19/byte-buddy-1.12.19.jar:/Users/sameesingh/.m2/raptor2/net/bytebuddy/byte-buddy-agent/1.12.19/byte-buddy-agent-1.12.19.jar:/Users/sameesingh/.m2/raptor2/org/objenesis/objenesis/3.2/objenesis-3.2.jar:/Users/sameesingh/.m2/raptor2/org/mockito/mockito-junit-jupiter/4.5.1/mockito-junit-jupiter-4.5.1.jar:/Users/sameesingh/.m2/raptor2/org/skyscreamer/jsonassert/1.5.1/jsonassert-1.5.1.jar:/Users/sameesingh/.m2/raptor2/com/vaadin/external/google/android-json/0.0.20131108.vaadin1/android-json-0.0.20131108.vaadin1.jar:/Users/sameesingh/.m2/raptor2/org/springframework/spring-core/5.3.24/spring-core-5.3.24.jar:/Users/sameesingh/.m2/raptor2/org/springframework/spring-jcl/5.3.24/spring-jcl-5.3.24.jar:/Users/sameesingh/.m2/raptor2/org/springframework/spring-test/5.3.24/spring-test-5.3.24.jar:/Users/sameesingh/.m2/raptor2/org/xmlunit/xmlunit-core/2.9.0/xmlunit-core-2.9.0.jar:"/>
    <property name="java.vm.vendor" value="Azul Systems, Inc."/>
    <property name="sun.arch.data.model" value="64"/>
    <property name="java.vendor.url" value="http://www.azulsystems.com/"/>
    <property name="user.timezone" value=""/>
    <property name="java.vm.specification.version" value="1.8"/>
    <property name="os.name" value="Mac OS X"/>
    <property name="user.country" value="IN"/>
    <property name="sun.java.launcher" value="SUN_STANDARD"/>
    <property name="sun.boot.library.path" value="/Library/Java/JavaVirtualMachines/zulu-sa-1.8.0_232.jdk/Contents/Home/jre/lib"/>
    <property name="sun.java.command" value="/Users/sameesingh/Downloads/rating/target/surefire/surefirebooter2231615222218453751.jar /Users/sameesingh/Downloads/rating/target/surefire 2022-11-26T00-15-44_575-jvmRun1 surefire4679846108468655432tmp surefire_05183137226126020324tmp"/>
    <property name="surefire.test.class.path" value="/Users/sameesingh/Downloads/rating/target/test-classes:/Users/sameesingh/Downloads/rating/target/classes:/Users/sameesingh/.m2/raptor2/org/springframework/boot/spring-boot-starter-web/2.7.6/spring-boot-starter-web-2.7.6.jar:/Users/sameesingh/.m2/raptor2/org/springframework/boot/spring-boot-starter/2.7.6/spring-boot-starter-2.7.6.jar:/Users/sameesingh/.m2/raptor2/org/springframework/boot/spring-boot/2.7.6/spring-boot-2.7.6.jar:/Users/sameesingh/.m2/raptor2/org/springframework/boot/spring-boot-autoconfigure/2.7.6/spring-boot-autoconfigure-2.7.6.jar:/Users/sameesingh/.m2/raptor2/org/springframework/boot/spring-boot-starter-logging/2.7.6/spring-boot-starter-logging-2.7.6.jar:/Users/sameesingh/.m2/raptor2/ch/qos/logback/logback-classic/1.2.11/logback-classic-1.2.11.jar:/Users/sameesingh/.m2/raptor2/ch/qos/logback/logback-core/1.2.11/logback-core-1.2.11.jar:/Users/sameesingh/.m2/raptor2/org/apache/logging/log4j/log4j-to-slf4j/2.17.2/log4j-to-slf4j-2.17.2.jar:/Users/sameesingh/.m2/raptor2/org/apache/logging/log4j/log4j-api/2.17.2/log4j-api-2.17.2.jar:/Users/sameesingh/.m2/raptor2/org/slf4j/jul-to-slf4j/1.7.36/jul-to-slf4j-1.7.36.jar:/Users/sameesingh/.m2/raptor2/jakarta/annotation/jakarta.annotation-api/1.3.5/jakarta.annotation-api-1.3.5.jar:/Users/sameesingh/.m2/raptor2/org/yaml/snakeyaml/1.30/snakeyaml-1.30.jar:/Users/sameesingh/.m2/raptor2/org/springframework/boot/spring-boot-starter-json/2.7.6/spring-boot-starter-json-2.7.6.jar:/Users/sameesingh/.m2/raptor2/com/fasterxml/jackson/core/jackson-databind/2.13.4.2/jackson-databind-2.13.4.2.jar:/Users/sameesingh/.m2/raptor2/com/fasterxml/jackson/core/jackson-annotations/2.13.4/jackson-annotations-2.13.4.jar:/Users/sameesingh/.m2/raptor2/com/fasterxml/jackson/core/jackson-core/2.13.4/jackson-core-2.13.4.jar:/Users/sameesingh/.m2/raptor2/com/fasterxml/jackson/datatype/jackson-datatype-jdk8/2.13.4/jackson-datatype-jdk8-2.13.4.jar:/Users/sameesingh/.m2/raptor2/com/fasterxml/jackson/datatype/jackson-datatype-jsr310/2.13.4/jackson-datatype-jsr310-2.13.4.jar:/Users/sameesingh/.m2/raptor2/com/fasterxml/jackson/module/jackson-module-parameter-names/2.13.4/jackson-module-parameter-names-2.13.4.jar:/Users/sameesingh/.m2/raptor2/org/springframework/boot/spring-boot-starter-tomcat/2.7.6/spring-boot-starter-tomcat-2.7.6.jar:/Users/sameesingh/.m2/raptor2/org/apache/tomcat/embed/tomcat-embed-core/9.0.69/tomcat-embed-core-9.0.69.jar:/Users/sameesingh/.m2/raptor2/org/apache/tomcat/embed/tomcat-embed-el/9.0.69/tomcat-embed-el-9.0.69.jar:/Users/sameesingh/.m2/raptor2/org/apache/tomcat/embed/tomcat-embed-websocket/9.0.69/tomcat-embed-websocket-9.0.69.jar:/Users/sameesingh/.m2/raptor2/org/springframework/spring-web/5.3.24/spring-web-5.3.24.jar:/Users/sameesingh/.m2/raptor2/org/springframework/spring-beans/5.3.24/spring-beans-5.3.24.jar:/Users/sameesingh/.m2/raptor2/org/springframework/spring-webmvc/5.3.24/spring-webmvc-5.3.24.jar:/Users/sameesingh/.m2/raptor2/org/springframework/spring-aop/5.3.24/spring-aop-5.3.24.jar:/Users/sameesingh/.m2/raptor2/org/springframework/spring-context/5.3.24/spring-context-5.3.24.jar:/Users/sameesingh/.m2/raptor2/org/springframework/spring-expression/5.3.24/spring-expression-5.3.24.jar:/Users/sameesingh/.m2/raptor2/org/springframework/boot/spring-boot-starter-test/2.7.6/spring-boot-starter-test-2.7.6.jar:/Users/sameesingh/.m2/raptor2/org/springframework/boot/spring-boot-test/2.7.6/spring-boot-test-2.7.6.jar:/Users/sameesingh/.m2/raptor2/org/springframework/boot/spring-boot-test-autoconfigure/2.7.6/spring-boot-test-autoconfigure-2.7.6.jar:/Users/sameesingh/.m2/raptor2/com/jayway/jsonpath/json-path/2.7.0/json-path-2.7.0.jar:/Users/sameesingh/.m2/raptor2/net/minidev/json-smart/2.4.8/json-smart-2.4.8.jar:/Users/sameesingh/.m2/raptor2/net/minidev/accessors-smart/2.4.8/accessors-smart-2.4.8.jar:/Users/sameesingh/.m2/raptor2/org/ow2/asm/asm/9.1/asm-9.1.jar:/Users/sameesingh/.m2/raptor2/org/slf4j/slf4j-api/1.7.36/slf4j-api-1.7.36.jar:/Users/sameesingh/.m2/raptor2/jakarta/xml/bind/jakarta.xml.bind-api/2.3.3/jakarta.xml.bind-api-2.3.3.jar:/Users/sameesingh/.m2/raptor2/jakarta/activation/jakarta.activation-api/1.2.2/jakarta.activation-api-1.2.2.jar:/Users/sameesingh/.m2/raptor2/org/assertj/assertj-core/3.22.0/assertj-core-3.22.0.jar:/Users/sameesingh/.m2/raptor2/org/hamcrest/hamcrest/2.2/hamcrest-2.2.jar:/Users/sameesingh/.m2/raptor2/org/junit/jupiter/junit-jupiter/5.8.2/junit-jupiter-5.8.2.jar:/Users/sameesingh/.m2/raptor2/org/junit/jupiter/junit-jupiter-api/5.8.2/junit-jupiter-api-5.8.2.jar:/Users/sameesingh/.m2/raptor2/org/opentest4j/opentest4j/1.2.0/opentest4j-1.2.0.jar:/Users/sameesingh/.m2/raptor2/org/junit/platform/junit-platform-commons/1.8.2/junit-platform-commons-1.8.2.jar:/Users/sameesingh/.m2/raptor2/org/apiguardian/apiguardian-api/1.1.2/apiguardian-api-1.1.2.jar:/Users/sameesingh/.m2/raptor2/org/junit/jupiter/junit-jupiter-params/5.8.2/junit-jupiter-params-5.8.2.jar:/Users/sameesingh/.m2/raptor2/org/junit/jupiter/junit-jupiter-engine/5.8.2/junit-jupiter-engine-5.8.2.jar:/Users/sameesingh/.m2/raptor2/org/junit/platform/junit-platform-engine/1.8.2/junit-platform-engine-1.8.2.jar:/Users/sameesingh/.m2/raptor2/org/mockito/mockito-core/4.5.1/mockito-core-4.5.1.jar:/Users/sameesingh/.m2/raptor2/net/bytebuddy/byte-buddy/1.12.19/byte-buddy-1.12.19.jar:/Users/sameesingh/.m2/raptor2/net/bytebuddy/byte-buddy-agent/1.12.19/byte-buddy-agent-1.12.19.jar:/Users/sameesingh/.m2/raptor2/org/objenesis/objenesis/3.2/objenesis-3.2.jar:/Users/sameesingh/.m2/raptor2/org/mockito/mockito-junit-jupiter/4.5.1/mockito-junit-jupiter-4.5.1.jar:/Users/sameesingh/.m2/raptor2/org/skyscreamer/jsonassert/1.5.1/jsonassert-1.5.1.jar:/Users/sameesingh/.m2/raptor2/com/vaadin/external/google/android-json/0.0.20131108.vaadin1/android-json-0.0.20131108.vaadin1.jar:/Users/sameesingh/.m2/raptor2/org/springframework/spring-core/5.3.24/spring-core-5.3.24.jar:/Users/sameesingh/.m2/raptor2/org/springframework/spring-jcl/5.3.24/spring-jcl-5.3.24.jar:/Users/sameesingh/.m2/raptor2/org/springframework/spring-test/5.3.24/spring-test-5.3.24.jar:/Users/sameesingh/.m2/raptor2/org/xmlunit/xmlunit-core/2.9.0/xmlunit-core-2.9.0.jar:"/>
    <property name="sun.cpu.endian" value="little"/>
    <property name="user.home" value="/Users/sameesingh"/>
    <property name="user.language" value="en"/>
    <property name="java.specification.vendor" value="Oracle Corporation"/>
    <property name="java.home" value="/Library/Java/JavaVirtualMachines/zulu-sa-1.8.0_232.jdk/Contents/Home/jre"/>
    <property name="basedir" value="/Users/sameesingh/Downloads/rating"/>
    <property name="file.separator" value="/"/>
    <property name="line.separator" value="&#10;"/>
    <property name="java.vm.specification.vendor" value="Oracle Corporation"/>
    <property name="java.specification.name" value="Java Platform API Specification"/>
    <property name="java.awt.graphicsenv" value="sun.awt.CGraphicsEnvironment"/>
    <property name="surefire.real.class.path" value="/Users/sameesingh/Downloads/rating/target/surefire/surefirebooter2231615222218453751.jar"/>
    <property name="sun.boot.class.path" value="/Library/Java/JavaVirtualMachines/zulu-sa-1.8.0_232.jdk/Contents/Home/jre/lib/resources.jar:/Library/Java/JavaVirtualMachines/zulu-sa-1.8.0_232.jdk/Contents/Home/jre/lib/rt.jar:/Library/Java/JavaVirtualMachines/zulu-sa-1.8.0_232.jdk/Contents/Home/jre/lib/sunrsasign.jar:/Library/Java/JavaVirtualMachines/zulu-sa-1.8.0_232.jdk/Contents/Home/jre/lib/jsse.jar:/Library/Java/JavaVirtualMachines/zulu-sa-1.8.0_232.jdk/Contents/Home/jre/lib/jce.jar:/Library/Java/JavaVirtualMachines/zulu-sa-1.8.0_232.jdk/Contents/Home/jre/lib/charsets.jar:/Library/Java/JavaVirtualMachines/zulu-sa-1.8.0_232.jdk/Contents/Home/jre/lib/jfr.jar:/Library/Java/JavaVirtualMachines/zulu-sa-1.8.0_232.jdk/Contents/Home/jre/classes"/>
    <property name="sun.management.compiler" value="HotSpot 64-Bit Tiered Compilers"/>
    <property name="java.runtime.version" value="1.8.0_232-b18"/>
    <property name="user.name" value="sameesingh"/>
    <property name="path.separator" value=":"/>
    <property name="os.version" value="10.16"/>
    <property name="java.endorsed.dirs" value="/Library/Java/JavaVirtualMachines/zulu-sa-1.8.0_232.jdk/Contents/Home/jre/lib/endorsed"/>
    <property name="java.runtime.name" value="OpenJDK Runtime Environment"/>
    <property name="file.encoding" value="US-ASCII"/>
    <property name="java.vm.name" value="OpenJDK 64-Bit Server VM"/>
    <property name="localRepository" value="/Users/sameesingh/.m2/raptor2"/>
    <property name="java.vendor.url.bug" value="http://www.azulsystems.com/support/"/>
    <property name="java.io.tmpdir" value="/var/folders/sv/n5zj03250g5dsvv2rlyy9h280000gq/T/"/>
    <property name="java.version" value="1.8.0_232"/>
    <property name="user.dir" value="/Users/sameesingh/Downloads/rating"/>
    <property name="os.arch" value="x86_64"/>
    <property name="java.vm.specification.name" value="Java Virtual Machine Specification"/>
    <property name="java.awt.printerjob" value="sun.lwawt.macosx.CPrinterJob"/>
    <property name="sun.os.patch.level" value="unknown"/>
    <property name="java.library.path" value="/Users/sameesingh/Library/Java/Extensions:/Library/Java/Extensions:/Network/Library/Java/Extensions:/System/Library/Java/Extensions:/usr/lib/java:."/>
    <property name="java.vm.info" value="mixed mode"/>
    <property name="java.vendor" value="Azul Systems, Inc."/>
    <property name="java.vm.version" value="25.232-b18"/>
    <property name="java.ext.dirs" value="/Users/sameesingh/Library/Java/Extensions:/Library/Java/JavaVirtualMachines/zulu-sa-1.8.0_232.jdk/Contents/Home/jre/lib/ext:/Library/Java/Extensions:/Network/Library/Java/Extensions:/System/Library/Java/Extensions:/usr/lib/java"/>
    <property name="sun.io.unicode.encoding" value="UnicodeBig"/>
    <property name="java.class.version" value="52.0"/>
  </properties>
  <testcase name="contextLoads" classname="com.cn.rating.RatingApplicationTests" time="0.197"/>
</testsuite>